1620465028357	geckodriver	INFO	Listening on 127.0.0.1:57872
1620465031586	mozrunner::runner	INFO	Running command: "C:\\Program Files\\Mozilla Firefox\\firefox.exe" "--marionette" "-foreground" "-no-remote" "-profile" "C:\\Users\\ADMINI~1\\AppData\\Local\\Temp\\rust_mozprofileINQIOI"
1620465033103	Marionette	INFO	Marionette enabled
console.warn: SearchSettings: "get: No settings file exists, new profile?" (new Error("", "(unknown module)"))
1620465039552	Marionette	INFO	Listening on port 57895
1620465039862	Marionette	WARN	TLS certificate errors will be ignored for this session
1620465060370	Marionette	INFO	Stopped listening on port 57895
[Parent 9196, IPC I/O Parent] WARNING: file /builds/worker/checkouts/gecko/ipc/chromium/src/base/process_util_win.cc:167

###!!! [Child][RunMessage] Error: Channel closing: too late to send/recv, messages will be lost

1620465189001	geckodriver	INFO	Listening on 127.0.0.1:62278
1620465192016	mozrunner::runner	INFO	Running command: "C:\\Program Files\\Mozilla Firefox\\firefox.exe" "--marionette" "-foreground" "-no-remote" "-profile" "C:\\Users\\ADMINI~1\\AppData\\Local\\Temp\\rust_mozprofileKBscay"
1620465192887	Marionette	INFO	Marionette enabled
console.warn: SearchSettings: "get: No settings file exists, new profile?" (new Error("", "(unknown module)"))
1620465199514	Marionette	INFO	Listening on port 62301
1620465199879	Marionette	WARN	TLS certificate errors will be ignored for this session
1620465217579	Marionette	INFO	Stopped listening on port 62301
[Parent 12532, IPC I/O Parent] WARNING: file /builds/worker/checkouts/gecko/ipc/chromium/src/base/process_util_win.cc:167

###!!! [Child][RunMessage] Error: Channel closing: too late to send/recv, messages will be lost

1620469426743	geckodriver	INFO	Listening on 127.0.0.1:51694
1620469429691	mozrunner::runner	INFO	Running command: "C:\\Program Files\\Mozilla Firefox\\firefox.exe" "--marionette" "-foreground" "-no-remote" "-profile" "C:\\Users\\ADMINI~1\\AppData\\Local\\Temp\\rust_mozprofilePVwjKy"
1620469431702	Marionette	INFO	Marionette enabled
console.warn: SearchSettings: "get: No settings file exists, new profile?" (new Error("", "(unknown module)"))
1620469440214	Marionette	INFO	Listening on port 51720
1620469440705	Marionette	WARN	TLS certificate errors will be ignored for this session
1620469456481	Marionette	INFO	Stopped listening on port 51720

###!!! [Child][RunMessage] Error: Channel closing: too late to send/recv, messages will be lost

1620469466986	geckodriver	INFO	Listening on 127.0.0.1:51816
1620469469996	mozrunner::runner	INFO	Running command: "C:\\Program Files\\Mozilla Firefox\\firefox.exe" "--marionette" "-foreground" "-no-remote" "-profile" "C:\\Users\\ADMINI~1\\AppData\\Local\\Temp\\rust_mozprofileuh5yIR"
1620469470750	Marionette	INFO	Marionette enabled
console.warn: SearchSettings: "get: No settings file exists, new profile?" (new Error("", "(unknown module)"))
1620469482461	Marionette	INFO	Listening on port 51825
1620469482834	Marionette	WARN	TLS certificate errors will be ignored for this session
1620469499462	Marionette	INFO	Stopped listening on port 51825

###!!! [Child][RunMessage] Error: Channel closing: too late to send/recv, messages will be lost

1620469650470	geckodriver	INFO	Listening on 127.0.0.1:52070
1620469653618	mozrunner::runner	INFO	Running command: "C:\\Program Files\\Mozilla Firefox\\firefox.exe" "--marionette" "-foreground" "-no-remote" "-profile" "C:\\Users\\ADMINI~1\\AppData\\Local\\Temp\\rust_mozprofileDRUHX6"
1620469656060	Marionette	INFO	Marionette enabled
console.warn: SearchSettings: "get: No settings file exists, new profile?" (new Error("", "(unknown module)"))
1620469663811	Marionette	INFO	Listening on port 52090
1620469664266	Marionette	WARN	TLS certificate errors will be ignored for this session
1620469680640	Marionette	INFO	Stopped listening on port 52090
1620490531223	geckodriver	INFO	Listening on 127.0.0.1:64003
1620490534371	mozrunner::runner	INFO	Running command: "C:\\Program Files\\Mozilla Firefox\\firefox.exe" "--marionette" "-foreground" "-no-remote" "-profile" "C:\\Users\\ADMINI~1\\AppData\\Local\\Temp\\rust_mozprofilemL4u9W"
1620490535175	Marionette	INFO	Marionette enabled
console.warn: SearchSettings: "get: No settings file exists, new profile?" (new Error("", "(unknown module)"))
1620490544950	Marionette	INFO	Listening on port 64011
1620490545129	Marionette	WARN	TLS certificate errors will be ignored for this session
1620490563979	Marionette	INFO	Stopped listening on port 64011

###!!! [Child][RunMessage] Error: Channel closing: too late to send/recv, messages will be lost

1620490673633	geckodriver	INFO	Listening on 127.0.0.1:64091
1620490676665	mozrunner::runner	INFO	Running command: "C:\\Program Files\\Mozilla Firefox\\firefox.exe" "--marionette" "-foreground" "-no-remote" "-profile" "C:\\Users\\ADMINI~1\\AppData\\Local\\Temp\\rust_mozprofileOMzzlV"
1620490677378	Marionette	INFO	Marionette enabled
console.warn: SearchSettings: "get: No settings file exists, new profile?" (new Error("", "(unknown module)"))
1620490681679	Marionette	INFO	Listening on port 64099
1620490682041	Marionette	WARN	TLS certificate errors will be ignored for this session
1620490698454	Marionette	INFO	Stopped listening on port 64099

###!!! [Child][RunMessage] Error: Channel closing: too late to send/recv, messages will be lost

1620491864828	geckodriver	INFO	Listening on 127.0.0.1:64515
1620491867992	mozrunner::runner	INFO	Running command: "C:\\Program Files\\Mozilla Firefox\\firefox.exe" "--marionette" "-foreground" "-no-remote" "-profile" "C:\\Users\\ADMINI~1\\AppData\\Local\\Temp\\rust_mozprofileJuyRUh"
1620491869730	Marionette	INFO	Marionette enabled
console.warn: SearchSettings: "get: No settings file exists, new profile?" (new Error("", "(unknown module)"))
1620491883948	Marionette	INFO	Listening on port 64538
1620491884168	Marionette	WARN	TLS certificate errors will be ignored for this session
1620491898682	Marionette	INFO	Stopped listening on port 64538

###!!! [Child][RunMessage] Error: Channel closing: too late to send/recv, messages will be lost

1620491937302	geckodriver	INFO	Listening on 127.0.0.1:64629
1620491940320	mozrunner::runner	INFO	Running command: "C:\\Program Files\\Mozilla Firefox\\firefox.exe" "--marionette" "-foreground" "-no-remote" "-profile" "C:\\Users\\ADMINI~1\\AppData\\Local\\Temp\\rust_mozprofile9tGeQZ"
1620491941138	Marionette	INFO	Marionette enabled
console.warn: SearchSettings: "get: No settings file exists, new profile?" (new Error("", "(unknown module)"))
1620491946142	Marionette	INFO	Listening on port 64652
1620491946568	Marionette	WARN	TLS certificate errors will be ignored for this session
1620491962454	Marionette	INFO	Stopped listening on port 64652

###!!! [Child][RunMessage] Error: Channel closing: too late to send/recv, messages will be lost

1620492026369	geckodriver	INFO	Listening on 127.0.0.1:64775
1620492029389	mozrunner::runner	INFO	Running command: "C:\\Program Files\\Mozilla Firefox\\firefox.exe" "--marionette" "-foreground" "-no-remote" "-profile" "C:\\Users\\ADMINI~1\\AppData\\Local\\Temp\\rust_mozprofileBjemmF"
1620492029953	Marionette	INFO	Marionette enabled
console.warn: SearchSettings: "get: No settings file exists, new profile?" (new Error("", "(unknown module)"))
1620492033541	Marionette	INFO	Listening on port 64783
1620492033663	Marionette	WARN	TLS certificate errors will be ignored for this session
1620492059177	Marionette	INFO	Stopped listening on port 64783

###!!! [Child][RunMessage] Error: Channel closing: too late to send/recv, messages will be lost

1620492073675	geckodriver	INFO	Listening on 127.0.0.1:64856
1620492076693	mozrunner::runner	INFO	Running command: "C:\\Program Files\\Mozilla Firefox\\firefox.exe" "--marionette" "-foreground" "-no-remote" "-profile" "C:\\Users\\ADMINI~1\\AppData\\Local\\Temp\\rust_mozprofileZzUyqx"
1620492077851	Marionette	INFO	Marionette enabled
console.warn: SearchSettings: "get: No settings file exists, new profile?" (new Error("", "(unknown module)"))
1620492084828	Marionette	INFO	Listening on port 64878
1620492085227	Marionette	WARN	TLS certificate errors will be ignored for this session
1620492110526	Marionette	INFO	Stopped listening on port 64878

###!!! [Child][RunMessage] Error: Channel closing: too late to send/recv, messages will be lost

1620492117468	geckodriver	INFO	Listening on 127.0.0.1:64971
1620492120478	mozrunner::runner	INFO	Running command: "C:\\Program Files\\Mozilla Firefox\\firefox.exe" "--marionette" "-foreground" "-no-remote" "-profile" "C:\\Users\\ADMINI~1\\AppData\\Local\\Temp\\rust_mozprofileUfyJ9G"
1620492121767	Marionette	INFO	Marionette enabled
console.warn: SearchSettings: "get: No settings file exists, new profile?" (new Error("", "(unknown module)"))
1620492128152	Marionette	INFO	Listening on port 64994
1620492128528	Marionette	WARN	TLS certificate errors will be ignored for this session
JavaScript error: resource://activity-stream/lib/PlacesFeed.jsm, line 215: NS_ERROR_ILLEGAL_VALUE: Component returned failure code: 0x80070057 (NS_ERROR_ILLEGAL_VALUE) [nsINavBookmarksService.removeObserver]
console.log: "RemoteSettingsWorker error: Error: Can't import when we've started shutting down."
console.log: "RemoteSettingsWorker error: Error: Can't import when we've started shutting down."
console.log: "RemoteSettingsWorker error: Error: Can't import when we've started shutting down."
console.log: "RemoteSettingsWorker error: Error: Can't import when we've started shutting down."
console.error: "Could not load engine google@search.mozilla.org: [Exception... \"AddonManager is not initialized\"  nsresult: \"0xc1f30001 (NS_ERROR_NOT_INITIALIZED)\"  location: \"JS frame :: resource://gre/modules/AddonManager.jsm :: installBuiltinAddon :: line 2550\"  data: no]"
console.error: "Could not load engine wikipedia@search.mozilla.org: [Exception... \"AddonManager is not initialized\"  nsresult: \"0xc1f30001 (NS_ERROR_NOT_INITIALIZED)\"  location: \"JS frame :: resource://gre/modules/AddonManager.jsm :: installBuiltinAddon :: line 2550\"  data: no]"
console.error: "Could not load engine coccoc@search.mozilla.org: [Exception... \"AddonManager is not initialized\"  nsresult: \"0xc1f30001 (NS_ERROR_NOT_INITIALIZED)\"  location: \"JS frame :: resource://gre/modules/AddonManager.jsm :: installBuiltinAddon :: line 2550\"  data: no]"
console.error: "Could not load engine ddg@search.mozilla.org: [Exception... \"AddonManager is not initialized\"  nsresult: \"0xc1f30001 (NS_ERROR_NOT_INITIALIZED)\"  location: \"JS frame :: resource://gre/modules/AddonManager.jsm :: installBuiltinAddon :: line 2550\"  data: no]"
console.warn: SearchService: "_init: abandoning init due to shutting down"
console.log: "RemoteSettingsWorker error: Error: Can't import when we've started shutting down."
JavaScript error: resource://gre/modules/AsyncShutdown.jsm, line 575: uncaught exception: 2147500036
JavaScript error: resource://gre/modules/AsyncShutdown.jsm, line 575: uncaught exception: 2147500036
JavaScript error: resource://gre/modules/AsyncShutdown.jsm, line 575: uncaught exception: 2147500036
JavaScript error: resource://gre/modules/AsyncShutdown.jsm, line 575: uncaught exception: 2147500036
JavaScript error: , line 0: uncaught exception: 2147500036
1620492131000	Marionette	INFO	Stopped listening on port 64994
JavaScript error: resource:///modules/EveryWindow.jsm, line 37: NS_ERROR_UNEXPECTED: Component returned failure code: 0x8000ffff (NS_ERROR_UNEXPECTED) [nsIWindowMediator.getEnumerator]
JavaScript error: resource://gre/modules/CrashManager.jsm, line 833: NotAllowedError: Shutting down and refusing additional I/O tasks
1620492190198	geckodriver	INFO	Listening on 127.0.0.1:65043
1620492193239	mozrunner::runner	INFO	Running command: "C:\\Program Files\\Mozilla Firefox\\firefox.exe" "--marionette" "-foreground" "-no-remote" "-profile" "C:\\Users\\ADMINI~1\\AppData\\Local\\Temp\\rust_mozprofileo9wjKq"
1620492194030	Marionette	INFO	Marionette enabled
console.warn: SearchSettings: "get: No settings file exists, new profile?" (new Error("", "(unknown module)"))
1620492200676	Marionette	INFO	Listening on port 65051
1620492200972	Marionette	WARN	TLS certificate errors will be ignored for this session
1620492225527	Marionette	INFO	Stopped listening on port 65051

###!!! [Child][RunMessage] Error: Channel closing: too late to send/recv, messages will be lost

1620492307346	geckodriver	INFO	Listening on 127.0.0.1:65181
1620492310368	mozrunner::runner	INFO	Running command: "C:\\Program Files\\Mozilla Firefox\\firefox.exe" "--marionette" "-foreground" "-no-remote" "-profile" "C:\\Users\\ADMINI~1\\AppData\\Local\\Temp\\rust_mozprofile8ft5Uj"
1620492310946	Marionette	INFO	Marionette enabled
console.warn: SearchSettings: "get: No settings file exists, new profile?" (new Error("", "(unknown module)"))
1620492314127	Marionette	INFO	Listening on port 65189
1620492314566	Marionette	WARN	TLS certificate errors will be ignored for this session
1620492336151	Marionette	INFO	Stopped listening on port 65189

###!!! [Child][RunMessage] Error: Channel closing: too late to send/recv, messages will be lost

1620492917869	geckodriver	INFO	Listening on 127.0.0.1:65402
1620492921019	mozrunner::runner	INFO	Running command: "C:\\Program Files\\Mozilla Firefox\\firefox.exe" "--marionette" "-foreground" "-no-remote" "-profile" "C:\\Users\\ADMINI~1\\AppData\\Local\\Temp\\rust_mozprofileIKlswF"
1620492921937	Marionette	INFO	Marionette enabled
console.warn: SearchSettings: "get: No settings file exists, new profile?" (new Error("", "(unknown module)"))
1620492925938	Marionette	INFO	Listening on port 65410
1620492926467	Marionette	WARN	TLS certificate errors will be ignored for this session

###!!! [Child][RunMessage] Error: Channel closing: too late to send/recv, messages will be lost

1620492928199	Marionette	INFO	Stopped listening on port 65410

###!!! [Child][RunMessage] Error: Channel closing: too late to send/recv, messages will be lost

1620497218380	geckodriver	INFO	Listening on 127.0.0.1:49924
1620497221537	mozrunner::runner	INFO	Running command: "C:\\Program Files\\Mozilla Firefox\\firefox.exe" "--marionette" "-foreground" "-no-remote" "-profile" "C:\\Users\\ADMINI~1\\AppData\\Local\\Temp\\rust_mozprofileCFocx2"
1620497222638	Marionette	INFO	Marionette enabled
console.warn: SearchSettings: "get: No settings file exists, new profile?" (new Error("", "(unknown module)"))
1620497227869	Marionette	INFO	Listening on port 49947
1620497228082	Marionette	WARN	TLS certificate errors will be ignored for this session
1620497253440	Marionette	INFO	Stopped listening on port 49947
1620497275163	geckodriver	INFO	Listening on 127.0.0.1:50033
1620497278175	mozrunner::runner	INFO	Running command: "C:\\Program Files\\Mozilla Firefox\\firefox.exe" "--marionette" "-foreground" "-no-remote" "-profile" "C:\\Users\\ADMINI~1\\AppData\\Local\\Temp\\rust_mozprofileSyDrOS"
1620497278779	Marionette	INFO	Marionette enabled
console.warn: SearchSettings: "get: No settings file exists, new profile?" (new Error("", "(unknown module)"))
1620497282309	Marionette	INFO	Listening on port 50041
1620497282410	Marionette	WARN	TLS certificate errors will be ignored for this session
1620497307363	Marionette	INFO	Stopped listening on port 50041

###!!! [Child][RunMessage] Error: Channel closing: too late to send/recv, messages will be lost

1620497404647	geckodriver	INFO	Listening on 127.0.0.1:50159
1620497407738	mozrunner::runner	INFO	Running command: "C:\\Program Files\\Mozilla Firefox\\firefox.exe" "--marionette" "-foreground" "-no-remote" "-profile" "C:\\Users\\ADMINI~1\\AppData\\Local\\Temp\\rust_mozprofileFC7lN8"
1620497408700	Marionette	INFO	Marionette enabled
console.warn: SearchSettings: "get: No settings file exists, new profile?" (new Error("", "(unknown module)"))
1620497413029	Marionette	INFO	Listening on port 50167
1620497413556	Marionette	WARN	TLS certificate errors will be ignored for this session

###!!! [Parent][MessageChannel] Error: (msgtype=0x1F0011,name=PBackgroundStorage::Msg_Observe) Channel error: cannot send/recv


###!!! [Parent][MessageChannel] Error: (msgtype=0x1F0011,name=PBackgroundStorage::Msg_Observe) Channel error: cannot send/recv

1620498819800	Marionette	INFO	Stopped listening on port 50167
abled
console.warn: SearchSettings: "get: No settings file exists, new profile?" (new Error("", "(unknown module)"))
1620497542515	Marionette	INFO	Listening on port 50265
1620497543053	Marionette	WARN	TLS certificate errors will be ignored for this session

###!!! [Parent][MessageChannel] Error: (msgtype=0x1F0011,name=PBackgroundStorage::Msg_Observe) Channel error: cannot send/recv


###!!! [Parent][MessageChannel] Error: (msgtype=0x1F0011,name=PBackgroundStorage::Msg_Observe) Channel error: cannot send/recv


###!!! [Parent][MessageChannel] Error: (msgtype=0x1F0011,name=PBackgroundStorage::Msg_Observe) Channel error: cannot send/recv


###!!! [Parent][MessageChannel] Error: (msgtype=0x1F0011,name=PBackgroundStorage::Msg_Observe) Channel error: cannot send/recv

[Parent 13452, IPC I/O Parent] WARNING: file /builds/worker/checkouts/gecko/ipc/chromium/src/base/process_util_win.cc:167
[Parent 13452, IPC I/O Parent] WARNING: file /builds/worker/checkouts/gecko/ipc/chromium/src/base/process_util_win.cc:167
1620497562093	Marionette	INFO	Stopped listening on port 50265

###!!! [Child][RunMessage] Error: Channel closing: too late to send/recv, messages will be lost

